<?xml version="1.0" encoding="UTF-8"?>
<testng-results ignored="0" total="1" passed="1" failed="0" skipped="0">
  <reporter-output>
  </reporter-output>
  <suite started-at="2024-08-03T14:00:15 IST" name="Default suite" finished-at="2024-08-03T14:02:35 IST" duration-ms="139919">
    <groups>
    </groups>
    <test started-at="2024-08-03T14:00:15 IST" name="Default test" finished-at="2024-08-03T14:02:35 IST" duration-ms="139919">
      <class name="com.Fitpeo.testcases.FitPeo_TestCase">
        <test-method is-config="true" signature="setUp()[pri:0, instance:com.Fitpeo.testcases.FitPeo_TestCase@71d44a3]" started-at="2024-08-03T14:00:15 IST" name="setUp" finished-at="2024-08-03T14:00:32 IST" duration-ms="17007" status="PASS">
          <reporter-output>
          </reporter-output>
        </test-method> <!-- setUp -->
        <test-method signature="demo()[pri:0, instance:com.Fitpeo.testcases.FitPeo_TestCase@71d44a3]" started-at="2024-08-03T14:00:32 IST" name="demo" finished-at="2024-08-03T14:02:35 IST" duration-ms="122666" status="PASS">
          <reporter-output>
          </reporter-output>
        </test-method> <!-- demo -->
        <test-method is-config="true" signature="tearDown()[pri:0, instance:com.Fitpeo.testcases.FitPeo_TestCase@71d44a3]" started-at="2024-08-03T14:02:35 IST" name="tearDown" finished-at="2024-08-03T14:02:35 IST" duration-ms="6" status="PASS">
          <reporter-output>
          </reporter-output>
        </test-method> <!-- tearDown -->
      </class> <!-- com.Fitpeo.testcases.FitPeo_TestCase -->
    </test> <!-- Default test -->
  </suite> <!-- Default suite -->
</testng-results>
